\BOOKMARK [0][-]{Doc-Start}{\376\377\123\343\212\146\131\324\124\341\147\003\133\351\133\232\146\370}{}% 1
\BOOKMARK [0][-]{chapter*.1}{\376\377\212\214\213\035}{}% 2
\BOOKMARK [0][-]{chapter*.2}{\376\377\116\055\145\207\144\130\211\201}{}% 3
\BOOKMARK [0][-]{chapter*.3}{\376\377\000A\000b\000s\000t\000r\000a\000c\000t}{}% 4
\BOOKMARK [0][-]{chapter*.4}{\376\377\166\356\223\004}{}% 5
\BOOKMARK [0][-]{chapter*.5}{\376\377\127\026\166\356\223\004}{}% 6
\BOOKMARK [0][-]{chapter*.6}{\376\377\210\150\166\356\223\004}{}% 7
\BOOKMARK [0][-]{chapter.1}{\376\377\175\322\212\326}{}% 8
\BOOKMARK [1][-]{section.1.1}{\376\377\122\115\212\000}{chapter.1}% 9
\BOOKMARK [1][-]{section.1.2}{\376\377\170\024\172\166\122\325\152\137\202\007\166\356\166\204}{chapter.1}% 10
\BOOKMARK [1][-]{section.1.3}{\376\377\212\326\145\207\147\266\151\313}{chapter.1}% 11
\BOOKMARK [0][-]{chapter.2}{\376\377\145\207\163\173\126\336\230\147}{}% 12
\BOOKMARK [1][-]{section.2.1}{\376\377\116\272\232\324\122\325\117\134\143\125\143\111\142\200\210\123}{chapter.2}% 13
\BOOKMARK [2][-]{subsection.2.1.1}{\376\377\121\111\133\170\122\325\117\134\143\125\143\111\174\373\175\161}{section.2.1}% 14
\BOOKMARK [2][-]{subsection.2.1.2}{\376\377\227\136\121\111\133\170\143\125\143\111\174\373\175\161}{section.2.1}% 15
\BOOKMARK [2][-]{subsection.2.1.3}{\376\377\131\032\141\037\156\054\126\150\122\325\117\134\143\125\143\111\174\373\175\161}{section.2.1}% 16
\BOOKMARK [1][-]{section.2.2}{\376\377\120\013\116\272\123\026\232\250\147\266}{chapter.2}% 17
\BOOKMARK [1][-]{section.2.3}{\376\377\146\102\225\223\134\015\237\112}{chapter.2}% 18
\BOOKMARK [1][-]{section.2.4}{\376\377\134\017\175\120}{chapter.2}% 19
\BOOKMARK [0][-]{chapter.3}{\376\377\170\024\172\166\145\271\154\325}{}% 20
\BOOKMARK [1][-]{section.3.1}{\376\377\174\373\175\161\147\266\212\055\202\007\133\346\232\127\164\260\130\203}{chapter.3}% 21
\BOOKMARK [2][-]{subsection.3.1.1}{\376\377\174\373\175\161\147\266\212\055}{section.3.1}% 22
\BOOKMARK [2][-]{subsection.3.1.2}{\376\377\133\346\232\127\164\260\130\203}{section.3.1}% 23
\BOOKMARK [1][-]{section.3.2}{\376\377\214\307\145\231\122\115\206\125\164\006}{chapter.3}% 24
\BOOKMARK [2][-]{subsection.3.2.1}{\376\377\116\272\232\324\232\250\147\266\136\372\172\313}{section.3.2}% 25
\BOOKMARK [2][-]{subsection.3.2.2}{\376\377\146\102\225\223\216\370\134\015\237\112}{section.3.2}% 26
\BOOKMARK [2][-]{subsection.3.2.3}{\376\377\000I\000M\000U\000\040\000-\000\040\121\150\127\337\136\247\152\031\145\313\217\111\167\351\226\143\212\010\173\227}{section.3.2}% 27
\BOOKMARK [2][-]{subsection.3.2.4}{\376\377\000I\000M\000U\000\040\000-\000\040\232\250\147\266\136\247\152\031\145\313\217\111\167\351\226\143\212\010\173\227}{section.3.2}% 28
\BOOKMARK [1][-]{section.3.3}{\376\377\143\242\212\016\156\033\134\021\166\370\152\137\145\170\221\317\166\204\123\357\210\114\140\047\123\312\121\166\144\372\145\076\117\115\177\156}{chapter.3}% 29
\BOOKMARK [2][-]{subsection.3.3.1}{\376\377\133\346\232\127\145\271\154\325\000-\145\170\221\317\123\312\117\115\177\156\220\170\144\307}{section.3.3}% 30
\BOOKMARK [2][-]{subsection.3.3.2}{\376\377\175\120\147\234\202\007\212\016\212\326}{section.3.3}% 31
\BOOKMARK [2][-]{subsection.3.3.3}{\376\377\136\366\117\070\212\016\212\326}{section.3.3}% 32
\BOOKMARK [1][-]{section.3.4}{\376\377\175\120\147\234\123\357\211\226\123\026}{chapter.3}% 33
\BOOKMARK [1][-]{section.3.5}{\376\377\134\017\175\120}{chapter.3}% 34
\BOOKMARK [0][-]{chapter.4}{\376\377\174\373\175\161\232\127\213\111\116\113\133\346\232\127\175\120\147\234\122\006\147\220\202\007\212\016\212\326}{}% 35
\BOOKMARK [1][-]{section.4.1}{\376\377\116\272\232\324\232\250\147\266\136\372\172\313\133\346\232\127\175\120\147\234\122\006\147\220\202\007\212\016\212\326}{chapter.4}% 36
\BOOKMARK [2][-]{subsection.4.1.1}{\376\377\133\346\232\127\212\055\133\232}{section.4.1}% 37
\BOOKMARK [2][-]{subsection.4.1.2}{\376\377\133\346\232\127\127\367\210\114}{section.4.1}% 38
\BOOKMARK [2][-]{subsection.4.1.3}{\376\377\212\244\135\356\212\125\117\060}{section.4.1}% 39
\BOOKMARK [2][-]{subsection.4.1.4}{\376\377\175\120\212\326}{section.4.1}% 40
\BOOKMARK [1][-]{section.4.2}{\376\377\220\113\122\325\216\314\215\341\202\007\143\247\122\066\212\012\206\137\165\037\142\020}{chapter.4}% 41
\BOOKMARK [2][-]{subsection.4.2.1}{\376\377\147\037\147\033\122\325\117\134\165\037\142\020}{section.4.2}% 42
\BOOKMARK [2][-]{subsection.4.2.2}{\376\377\143\247\122\066\212\012\206\137\165\037\142\020}{section.4.2}% 43
\BOOKMARK [2][-]{subsection.4.2.3}{\376\377\220\113\122\325\216\314\215\341\165\037\142\020}{section.4.2}% 44
\BOOKMARK [1][-]{section.4.3}{\376\377\116\373\122\331\202\007\200\214\200\211\123\303\145\170\225\223\116\113\145\117\141\037\136\246\122\006\147\220}{chapter.4}% 45
\BOOKMARK [2][-]{subsection.4.3.1}{\376\377\116\373\122\331\172\056\230\136}{section.4.3}% 46
\BOOKMARK [2][-]{subsection.4.3.2}{\376\377\116\373\122\331\143\021\220\170\156\226\122\107}{section.4.3}% 47
\BOOKMARK [2][-]{subsection.4.3.3}{\376\377\145\117\141\037\136\246\122\006\147\220}{section.4.3}% 48
\BOOKMARK [1][-]{section.4.4}{\376\377\200\214\200\211\123\303\145\170\147\000\117\163\123\026\202\007\232\127\213\111}{chapter.4}% 49
\BOOKMARK [2][-]{subsection.4.4.1}{\376\377\147\000\117\163\123\026\202\007\152\041\127\213\232\127\213\111}{section.4.4}% 50
\BOOKMARK [2][-]{subsection.4.4.2}{\376\377\127\367\210\114\116\373\122\331\116\313\175\071}{section.4.4}% 51
\BOOKMARK [1][-]{section.4.5}{\376\377\134\017\175\120}{chapter.4}% 52
\BOOKMARK [0][-]{chapter.5}{\376\377\123\303\145\170\212\125\117\060\152\041\144\354\150\110\117\213\202\007\142\020\147\234\143\242\212\016}{}% 53
\BOOKMARK [1][-]{section.5.1}{\376\377\123\303\145\170\212\125\117\060\152\041\144\354\150\110\117\213}{chapter.5}% 54
\BOOKMARK [2][-]{subsection.5.1.1}{\376\377\125\256\200\214\200\211\125\256\123\303\145\170\150\110\117\213\212\125\117\060}{section.5.1}% 55
\BOOKMARK [2][-]{subsection.5.1.2}{\376\377\125\256\200\214\200\211\131\032\123\303\145\170\150\110\117\213\212\125\117\060}{section.5.1}% 56
\BOOKMARK [2][-]{subsection.5.1.3}{\376\377\131\032\200\214\200\211\131\032\123\303\145\170\150\110\117\213\212\125\117\060}{section.5.1}% 57
\BOOKMARK [2][-]{subsection.5.1.4}{\376\377\125\256\216\314\215\341\150\110\117\213\212\125\117\060}{section.5.1}% 58
\BOOKMARK [1][-]{section.5.2}{\376\377\123\303\145\170\212\125\117\060\175\120\147\234}{chapter.5}% 59
\BOOKMARK [1][-]{section.5.3}{\376\377\200\214\200\211\123\303\145\170\116\015\123\357\213\130\122\045\140\047\143\242\212\016}{chapter.5}% 60
\BOOKMARK [1][-]{section.5.4}{\376\377\134\017\175\120}{chapter.5}% 61
\BOOKMARK [0][-]{chapter.6}{\376\377\175\120\212\326\202\007\147\052\117\206\135\345\117\134}{}% 62
\BOOKMARK [1][-]{section.6.1}{\376\377\170\024\172\166\142\020\147\234\202\007\214\242\163\173}{chapter.6}% 63
\BOOKMARK [1][-]{section.6.2}{\376\377\147\052\117\206\135\345\117\134}{chapter.6}% 64
\BOOKMARK [0][-]{section.6.2}{\376\377\123\303\200\003\145\207\163\173}{}% 65
